<?xml version="1.0" encoding="UTF-8"?>
<!-- Generated by org.testng.reporters.JUnitReportReporter -->
<testsuite hostname="SYNPUNDT-H23P4BS" name="com.mycompany.core.TestCase1" tests="2" failures="0" timestamp="10 Apr 2018 11:08:43 GMT" time="44.968" errors="0">
  <testcase name="testUIDriver1" time="19.901" classname="com.mycompany.core.TestCase1"/>
  <testcase name="testUIDriver" time="25.067" classname="com.mycompany.core.TestCase1"/>
</testsuite> <!-- com.mycompany.core.TestCase1 -->
