<?xml version="1.0" encoding="UTF-8"?>
<!-- Generated by org.testng.reporters.JUnitReportReporter -->
<testsuite hostname="SYNPUNDT-H23P4BS" name="com.mycompany.core.UIDriver" tests="3" failures="0" timestamp="9 Apr 2018 09:16:57 GMT" time="12.724" errors="0">
  <testcase name="testUIDriver" time="4.393" classname="com.mycompany.core.UIDriver"/>
  <testcase name="UIDriverTest" time="6.577" classname="com.mycompany.core.UIDriver"/>
  <testcase name="testUIDriver1" time="1.754" classname="com.mycompany.core.UIDriver"/>
</testsuite> <!-- com.mycompany.core.UIDriver -->
