<?xml version="1.0" encoding="UTF-8"?>
<!-- Generated by org.testng.reporters.JUnitReportReporter -->
<testsuite hostname="SYNPUNDT-H23P4BS" name="com.mycompany.core.HubNodeFirstTestCase" tests="2" failures="0" timestamp="10 Apr 2018 11:04:21 GMT" time="43.373" errors="0">
  <testcase name="testUIDriver" time="23.944" classname="com.mycompany.core.HubNodeFirstTestCase"/>
  <testcase name="testUIDriver1" time="19.429" classname="com.mycompany.core.HubNodeFirstTestCase"/>
</testsuite> <!-- com.mycompany.core.HubNodeFirstTestCase -->
