<?xml version="1.0" encoding="UTF-8"?>
<!-- Generated by org.testng.reporters.JUnitReportReporter -->
<testsuite hostname="SYNPUNDT-H23P4BS" name="com.mycompany.test.imp.TestCaseImp1" tests="1" failures="0" timestamp="11 Apr 2018 10:55:22 GMT" time="13.943" errors="0">
  <testcase name="openGooglePage" time="13.943" classname="com.mycompany.test.imp.TestCaseImp1"/>
</testsuite> <!-- com.mycompany.test.imp.TestCaseImp1 -->
