<?xml version="1.0" encoding="UTF-8"?>
<!-- Generated by org.testng.reporters.JUnitReportReporter -->
<testsuite hostname="SYNPUNDT-H23P4BS" name="com.mycompany.core.HubNode" tests="1" failures="0" timestamp="10 Apr 2018 07:24:38 GMT" time="1.472" errors="0">
  <testcase name="startGrid" time="1.472" classname="com.mycompany.core.HubNode"/>
</testsuite> <!-- com.mycompany.core.HubNode -->
