<?xml version="1.0" encoding="UTF-8"?>
<!-- Generated by org.testng.reporters.JUnitReportReporter -->
<testsuite hostname="SYNPUNDT-H23P4BS" name="com.mycompany.core.TestCase2" tests="2" failures="0" timestamp="10 Apr 2018 11:08:43 GMT" time="48.439" errors="0">
  <testcase name="testUIDriver1" time="22.045" classname="com.mycompany.core.TestCase2"/>
  <testcase name="testUIDriver" time="26.394" classname="com.mycompany.core.TestCase2"/>
</testsuite> <!-- com.mycompany.core.TestCase2 -->
