<?xml version="1.0" encoding="UTF-8"?>
<!-- Generated by org.testng.reporters.JUnitReportReporter -->
<testsuite hostname="SYNPUNDT-H23P4BS" name="com.mycompany.test.imp.TestCaseImp2" tests="1" failures="0" timestamp="11 Apr 2018 10:55:22 GMT" time="14.227" errors="0">
  <testcase name="openGooglePage" time="14.227" classname="com.mycompany.test.imp.TestCaseImp2"/>
</testsuite> <!-- com.mycompany.test.imp.TestCaseImp2 -->
