<?xml version="1.0" encoding="UTF-8"?>
<!-- Generated by org.testng.reporters.JUnitReportReporter -->
<testsuite hostname="SYNPUNDT-H23P4BS" name="com.mycompany.test.RunCukesTestNG" tests="4" failures="0" timestamp="10 Apr 2018 14:54:53 GMT" time="18.766" errors="0">
  <testcase name="feature" time="4.463" classname="com.mycompany.test.RunCukesTestNG"/>
  <testcase name="feature" time="4.578" classname="com.mycompany.test.RunCukesTestNG"/>
  <testcase name="feature" time="5.452" classname="com.mycompany.test.RunCukesTestNG"/>
  <testcase name="feature" time="4.273" classname="com.mycompany.test.RunCukesTestNG"/>
</testsuite> <!-- com.mycompany.test.RunCukesTestNG -->
