<?xml version="1.0" encoding="UTF-8"?>
<!-- Generated by org.testng.reporters.JUnitReportReporter -->
<testsuite hostname="SYNPUNDT-H23P4BS" name="com.mycompany.test.RunCukesTest" tests="1" failures="0" timestamp="6 Apr 2018 07:34:26 GMT" time="13.859" errors="0">
  <testcase name="feature" time="13.859" classname="com.mycompany.test.RunCukesTest"/>
</testsuite> <!-- com.mycompany.test.RunCukesTest -->
