<?xml version="1.0" encoding="UTF-8"?>
<!-- Generated by org.testng.reporters.JUnitReportReporter -->
<testsuite hostname="SYNPUNDT-H23P4BS" name="com.mycompany.core.UIDriver2" tests="3" failures="0" timestamp="9 Apr 2018 09:34:02 GMT" time="93.674" errors="0">
  <testcase name="UIDriverTest" time="34.457" classname="com.mycompany.core.UIDriver2"/>
  <testcase name="testUIDriver1" time="7.129" classname="com.mycompany.core.UIDriver2"/>
  <testcase name="testUIDriver" time="52.088" classname="com.mycompany.core.UIDriver2"/>
</testsuite> <!-- com.mycompany.core.UIDriver2 -->
