<?xml version="1.0" encoding="UTF-8"?>
<!-- Generated by org.testng.reporters.JUnitReportReporter -->
<testsuite hostname="SYNPUNDT-H23P4BS" name="com.mycompany.core.RunCukesTestNG" tests="1" failures="0" timestamp="13 Apr 2018 16:13:26 GMT" time="6.998" errors="0">
  <testcase name="feature" time="6.998" classname="com.mycompany.core.RunCukesTestNG"/>
</testsuite> <!-- com.mycompany.core.RunCukesTestNG -->
