<?xml version="1.0" encoding="UTF-8"?>
<!-- Generated by org.testng.reporters.JUnitReportReporter -->
<testsuite hostname="SYNPUNDT-H23P4BS" name="com.mycompany.core.HubNodeSecondTestCase" tests="2" failures="0" timestamp="10 Apr 2018 11:04:21 GMT" time="39.693" errors="0">
  <testcase name="testUIDriver1" time="18.896" classname="com.mycompany.core.HubNodeSecondTestCase"/>
  <testcase name="testUIDriver" time="20.797" classname="com.mycompany.core.HubNodeSecondTestCase"/>
</testsuite> <!-- com.mycompany.core.HubNodeSecondTestCase -->
